2025-19-03 18 INFO  [http-nio-8080-exec-10] o.s.api.AbstractOpenApiResource - Init duration for springdoc-openapi is: 847 ms
2025-19-03 18 INFO  [http-nio-8080-exec-1] c.chintan.controller.AuthController - AuthController : registerUser() : Exceution Start
2025-19-03 18 INFO  [http-nio-8080-exec-1] c.c.serviceImpl.AuthServiceImpl - AuthServiceImpl : register() : Exceution Start
2025-19-03 18 INFO  [http-nio-8080-exec-1] c.c.exception.GlobalExceptionHandler - GlobalExceptionHandler : handleIllegalArgumentException() : email is invalid
2025-19-03 18 WARN  [http-nio-8080-exec-1] o.s.w.s.m.m.a.ExceptionHandlerExceptionResolver - Resolved [java.lang.IllegalArgumentException: email is invalid]
2025-19-04 18 INFO  [http-nio-8080-exec-2] c.chintan.controller.AuthController - AuthController : registerUser() : Exceution Start
2025-19-04 18 INFO  [http-nio-8080-exec-2] c.c.serviceImpl.AuthServiceImpl - AuthServiceImpl : register() : Exceution Start
2025-19-04 18 INFO  [http-nio-8080-exec-2] c.c.exception.GlobalExceptionHandler - GlobalExceptionHandler : handleNullPointerException() : Cannot invoke "java.util.List.stream()" because the return value of "com.chintan.dto.UserRequest.getRoles()" is null
2025-19-04 18 WARN  [http-nio-8080-exec-2] o.s.w.s.m.m.a.ExceptionHandlerExceptionResolver - Resolved [java.lang.NullPointerException: Cannot invoke "java.util.List.stream()" because the return value of "com.chintan.dto.UserRequest.getRoles()" is null]
2025-19-06 18 INFO  [File Watcher] o.s.b.d.a.LocalDevToolsAutoConfiguration$RestartingClassPathChangeChangedEventListener - Restarting due to 1 class path change (0 additions, 0 deletions, 1 modification)
2025-19-06 18 INFO  [Thread-5] o.s.b.w.e.tomcat.GracefulShutdown - Commencing graceful shutdown. Waiting for active requests to complete
2025-19-06 18 INFO  [tomcat-shutdown] o.a.coyote.http11.Http11NioProtocol - Pausing ProtocolHandler ["http-nio-8080"]
2025-19-06 18 INFO  [tomcat-shutdown] o.s.b.w.e.tomcat.GracefulShutdown - Graceful shutdown complete
2025-19-06 18 INFO  [Thread-5] o.a.coyote.http11.Http11NioProtocol - Stopping ProtocolHandler ["http-nio-8080"]
2025-19-06 18 INFO  [Thread-5] o.s.o.j.LocalContainerEntityManagerFactoryBean - Closing JPA EntityManagerFactory for persistence unit 'default'
2025-19-06 18 INFO  [Thread-5] com.zaxxer.hikari.HikariDataSource - HikariPool-1 - Shutdown initiated...
2025-19-06 18 INFO  [Thread-5] com.zaxxer.hikari.HikariDataSource - HikariPool-1 - Shutdown completed.
2025-19-06 18 INFO  [restartedMain] c.c.ChintanApiServiceApplication - Starting ChintanApiServiceApplication using Java 23 with PID 12240 (C:\Java Class\chintan-api-service\target\classes started by Nitro in C:\Java Class\chintan-api-service)
2025-19-06 18 INFO  [restartedMain] c.c.ChintanApiServiceApplication - The following 1 profile is active: "dev"
2025-19-06 18 INFO  [restartedMain] o.s.d.r.c.RepositoryConfigurationDelegate - Bootstrapping Spring Data JPA repositories in DEFAULT mode.
2025-19-06 18 INFO  [restartedMain] o.s.d.r.c.RepositoryConfigurationDelegate - Finished Spring Data repository scanning in 18 ms. Found 7 JPA repository interfaces.
2025-19-06 18 INFO  [restartedMain] o.s.b.w.e.tomcat.TomcatWebServer - Tomcat initialized with port 8080 (http)
2025-19-06 18 INFO  [restartedMain] o.a.coyote.http11.Http11NioProtocol - Initializing ProtocolHandler ["http-nio-8080"]
2025-19-06 18 INFO  [restartedMain] o.a.catalina.core.StandardService - Starting service [Tomcat]
2025-19-06 18 INFO  [restartedMain] o.a.catalina.core.StandardEngine - Starting Servlet engine: [Apache Tomcat/10.1.36]
2025-19-06 18 INFO  [restartedMain] o.a.c.c.C.[Tomcat].[localhost].[/] - Initializing Spring embedded WebApplicationContext
2025-19-06 18 INFO  [restartedMain] o.s.b.w.s.c.ServletWebServerApplicationContext - Root WebApplicationContext: initialization completed in 286 ms
2025-19-06 18 INFO  [restartedMain] o.h.jpa.internal.util.LogHelper - HHH000204: Processing PersistenceUnitInfo [name: default]
2025-19-06 18 INFO  [restartedMain] o.h.c.i.RegionFactoryInitiator - HHH000026: Second-level cache disabled
2025-19-06 18 INFO  [restartedMain] o.s.o.j.p.SpringPersistenceUnitInfo - No LoadTimeWeaver setup: ignoring JPA class transformer
2025-19-06 18 INFO  [restartedMain] com.zaxxer.hikari.HikariDataSource - HikariPool-2 - Starting...
2025-19-06 18 INFO  [restartedMain] com.zaxxer.hikari.pool.HikariPool - HikariPool-2 - Added connection com.mysql.cj.jdbc.ConnectionImpl@38d6c3d
2025-19-06 18 INFO  [restartedMain] com.zaxxer.hikari.HikariDataSource - HikariPool-2 - Start completed.
2025-19-06 18 WARN  [restartedMain] org.hibernate.orm.deprecation - HHH90000025: MySQL8Dialect does not need to be specified explicitly using 'hibernate.dialect' (remove the property setting and it will be selected by default)
2025-19-06 18 WARN  [restartedMain] org.hibernate.orm.deprecation - HHH90000026: MySQL8Dialect has been deprecated; use org.hibernate.dialect.MySQLDialect instead
2025-19-06 18 INFO  [restartedMain] o.hibernate.orm.connections.pooling - HHH10001005: Database info:
	Database JDBC URL [Connecting through datasource 'HikariDataSource (HikariPool-2)']
	Database driver: undefined/unknown
	Database version: 8.0
	Autocommit mode: undefined/unknown
	Isolation level: undefined/unknown
	Minimum pool size: undefined/unknown
	Maximum pool size: undefined/unknown
2025-19-06 18 INFO  [restartedMain] o.h.e.t.j.p.i.JtaPlatformInitiator - HHH000489: No JTA platform available (set 'hibernate.transaction.jta.platform' to enable JTA platform integration)
2025-19-06 18 INFO  [restartedMain] o.s.o.j.LocalContainerEntityManagerFactoryBean - Initialized JPA EntityManagerFactory for persistence unit 'default'
2025-19-06 18 INFO  [restartedMain] o.s.s.c.a.a.c.InitializeAuthenticationProviderBeanManagerConfigurer$InitializeAuthenticationProviderManagerConfigurer - Global AuthenticationManager configured with AuthenticationProvider bean with name authenticationProvider
2025-19-06 18 WARN  [restartedMain] o.s.s.c.a.a.c.InitializeUserDetailsBeanManagerConfigurer$InitializeUserDetailsManagerConfigurer - Global AuthenticationManager configured with an AuthenticationProvider bean. UserDetailsService beans will not be used by Spring Security for automatically configuring username/password login. Consider removing the AuthenticationProvider bean. Alternatively, consider using the UserDetailsService in a manually instantiated DaoAuthenticationProvider. If the current configuration is intentional, to turn off this warning, increase the logging level of 'org.springframework.security.config.annotation.authentication.configuration.InitializeUserDetailsBeanManagerConfigurer' to ERROR
2025-19-06 18 WARN  [restartedMain] o.s.b.a.o.j.JpaBaseConfiguration$JpaWebConfiguration - spring.jpa.open-in-view is enabled by default. Therefore, database queries may be performed during view rendering. Explicitly configure spring.jpa.open-in-view to disable this warning
2025-19-06 18 INFO  [restartedMain] o.s.b.d.a.OptionalLiveReloadServer - LiveReload server is running on port 35729
2025-19-06 18 INFO  [restartedMain] o.a.coyote.http11.Http11NioProtocol - Starting ProtocolHandler ["http-nio-8080"]
2025-19-06 18 INFO  [restartedMain] o.s.b.w.e.tomcat.TomcatWebServer - Tomcat started on port 8080 (http) with context path '/'
2025-19-06 18 INFO  [restartedMain] c.c.ChintanApiServiceApplication - Started ChintanApiServiceApplication in 1.005 seconds (process running for 476.182)
2025-19-06 18 INFO  [restartedMain] o.s.b.d.a.ConditionEvaluationDeltaLoggingListener - Condition evaluation unchanged
2025-19-06 18 INFO  [http-nio-8080-exec-2] o.a.c.c.C.[Tomcat].[localhost].[/] - Initializing Spring DispatcherServlet 'dispatcherServlet'
2025-19-06 18 INFO  [http-nio-8080-exec-2] o.s.web.servlet.DispatcherServlet - Initializing Servlet 'dispatcherServlet'
2025-19-06 18 INFO  [http-nio-8080-exec-2] o.s.web.servlet.DispatcherServlet - Completed initialization in 1 ms
2025-19-06 18 INFO  [http-nio-8080-exec-2] c.chintan.controller.AuthController - AuthController : registerUser() : Exceution Start
2025-19-06 18 INFO  [http-nio-8080-exec-2] c.c.serviceImpl.AuthServiceImpl - AuthServiceImpl : register() : Exceution Start
2025-19-06 18 INFO  [http-nio-8080-exec-2] c.c.exception.GlobalExceptionHandler - GlobalExceptionHandler : handleNullPointerException() : Cannot invoke "java.util.List.stream()" because the return value of "com.chintan.dto.UserRequest.getRoles()" is null
2025-19-06 18 WARN  [http-nio-8080-exec-2] o.s.w.s.m.m.a.ExceptionHandlerExceptionResolver - Resolved [java.lang.NullPointerException: Cannot invoke "java.util.List.stream()" because the return value of "com.chintan.dto.UserRequest.getRoles()" is null]
2025-19-07 18 INFO  [File Watcher] o.s.b.d.a.LocalDevToolsAutoConfiguration$RestartingClassPathChangeChangedEventListener - Restarting due to 1 class path change (0 additions, 0 deletions, 1 modification)
2025-19-07 18 INFO  [Thread-7] o.s.b.w.e.tomcat.GracefulShutdown - Commencing graceful shutdown. Waiting for active requests to complete
2025-19-07 18 INFO  [tomcat-shutdown] o.a.coyote.http11.Http11NioProtocol - Pausing ProtocolHandler ["http-nio-8080"]
2025-19-07 18 INFO  [tomcat-shutdown] o.s.b.w.e.tomcat.GracefulShutdown - Graceful shutdown complete
2025-19-07 18 INFO  [Thread-7] o.a.coyote.http11.Http11NioProtocol - Stopping ProtocolHandler ["http-nio-8080"]
2025-19-07 18 INFO  [Thread-7] o.s.o.j.LocalContainerEntityManagerFactoryBean - Closing JPA EntityManagerFactory for persistence unit 'default'
2025-19-07 18 INFO  [Thread-7] com.zaxxer.hikari.HikariDataSource - HikariPool-2 - Shutdown initiated...
2025-19-07 18 INFO  [Thread-7] com.zaxxer.hikari.HikariDataSource - HikariPool-2 - Shutdown completed.
2025-19-07 18 INFO  [restartedMain] c.c.ChintanApiServiceApplication - Starting ChintanApiServiceApplication using Java 23 with PID 12240 (C:\Java Class\chintan-api-service\target\classes started by Nitro in C:\Java Class\chintan-api-service)
2025-19-07 18 INFO  [restartedMain] c.c.ChintanApiServiceApplication - The following 1 profile is active: "dev"
2025-19-07 18 INFO  [restartedMain] o.s.d.r.c.RepositoryConfigurationDelegate - Bootstrapping Spring Data JPA repositories in DEFAULT mode.
2025-19-07 18 INFO  [restartedMain] o.s.d.r.c.RepositoryConfigurationDelegate - Finished Spring Data repository scanning in 18 ms. Found 7 JPA repository interfaces.
2025-19-08 18 INFO  [restartedMain] o.s.b.w.e.tomcat.TomcatWebServer - Tomcat initialized with port 8080 (http)
2025-19-08 18 INFO  [restartedMain] o.a.coyote.http11.Http11NioProtocol - Initializing ProtocolHandler ["http-nio-8080"]
2025-19-08 18 INFO  [restartedMain] o.a.catalina.core.StandardService - Starting service [Tomcat]
2025-19-08 18 INFO  [restartedMain] o.a.catalina.core.StandardEngine - Starting Servlet engine: [Apache Tomcat/10.1.36]
2025-19-08 18 INFO  [restartedMain] o.a.c.c.C.[Tomcat].[localhost].[/] - Initializing Spring embedded WebApplicationContext
2025-19-08 18 INFO  [restartedMain] o.s.b.w.s.c.ServletWebServerApplicationContext - Root WebApplicationContext: initialization completed in 250 ms
2025-19-08 18 INFO  [restartedMain] o.h.jpa.internal.util.LogHelper - HHH000204: Processing PersistenceUnitInfo [name: default]
2025-19-08 18 INFO  [restartedMain] o.h.c.i.RegionFactoryInitiator - HHH000026: Second-level cache disabled
2025-19-08 18 INFO  [restartedMain] o.s.o.j.p.SpringPersistenceUnitInfo - No LoadTimeWeaver setup: ignoring JPA class transformer
2025-19-08 18 INFO  [restartedMain] com.zaxxer.hikari.HikariDataSource - HikariPool-3 - Starting...
2025-19-08 18 INFO  [restartedMain] com.zaxxer.hikari.pool.HikariPool - HikariPool-3 - Added connection com.mysql.cj.jdbc.ConnectionImpl@d8bd746
2025-19-08 18 INFO  [restartedMain] com.zaxxer.hikari.HikariDataSource - HikariPool-3 - Start completed.
2025-19-08 18 WARN  [restartedMain] org.hibernate.orm.deprecation - HHH90000025: MySQL8Dialect does not need to be specified explicitly using 'hibernate.dialect' (remove the property setting and it will be selected by default)
2025-19-08 18 WARN  [restartedMain] org.hibernate.orm.deprecation - HHH90000026: MySQL8Dialect has been deprecated; use org.hibernate.dialect.MySQLDialect instead
2025-19-08 18 INFO  [restartedMain] o.hibernate.orm.connections.pooling - HHH10001005: Database info:
	Database JDBC URL [Connecting through datasource 'HikariDataSource (HikariPool-3)']
	Database driver: undefined/unknown
	Database version: 8.0
	Autocommit mode: undefined/unknown
	Isolation level: undefined/unknown
	Minimum pool size: undefined/unknown
	Maximum pool size: undefined/unknown
2025-19-08 18 INFO  [restartedMain] o.h.e.t.j.p.i.JtaPlatformInitiator - HHH000489: No JTA platform available (set 'hibernate.transaction.jta.platform' to enable JTA platform integration)
2025-19-08 18 INFO  [restartedMain] o.s.o.j.LocalContainerEntityManagerFactoryBean - Initialized JPA EntityManagerFactory for persistence unit 'default'
2025-19-08 18 INFO  [restartedMain] o.s.s.c.a.a.c.InitializeAuthenticationProviderBeanManagerConfigurer$InitializeAuthenticationProviderManagerConfigurer - Global AuthenticationManager configured with AuthenticationProvider bean with name authenticationProvider
2025-19-08 18 WARN  [restartedMain] o.s.s.c.a.a.c.InitializeUserDetailsBeanManagerConfigurer$InitializeUserDetailsManagerConfigurer - Global AuthenticationManager configured with an AuthenticationProvider bean. UserDetailsService beans will not be used by Spring Security for automatically configuring username/password login. Consider removing the AuthenticationProvider bean. Alternatively, consider using the UserDetailsService in a manually instantiated DaoAuthenticationProvider. If the current configuration is intentional, to turn off this warning, increase the logging level of 'org.springframework.security.config.annotation.authentication.configuration.InitializeUserDetailsBeanManagerConfigurer' to ERROR
2025-19-08 18 WARN  [restartedMain] o.s.b.a.o.j.JpaBaseConfiguration$JpaWebConfiguration - spring.jpa.open-in-view is enabled by default. Therefore, database queries may be performed during view rendering. Explicitly configure spring.jpa.open-in-view to disable this warning
2025-19-08 18 INFO  [restartedMain] o.s.b.d.a.OptionalLiveReloadServer - LiveReload server is running on port 35729
2025-19-08 18 INFO  [restartedMain] o.a.coyote.http11.Http11NioProtocol - Starting ProtocolHandler ["http-nio-8080"]
2025-19-08 18 INFO  [restartedMain] o.s.b.w.e.tomcat.TomcatWebServer - Tomcat started on port 8080 (http) with context path '/'
2025-19-08 18 INFO  [restartedMain] c.c.ChintanApiServiceApplication - Started ChintanApiServiceApplication in 0.96 seconds (process running for 578.607)
2025-19-08 18 INFO  [restartedMain] o.s.b.d.a.ConditionEvaluationDeltaLoggingListener - Condition evaluation unchanged
2025-19-08 18 INFO  [File Watcher] o.s.b.d.a.LocalDevToolsAutoConfiguration$RestartingClassPathChangeChangedEventListener - Restarting due to 1 class path change (0 additions, 0 deletions, 1 modification)
2025-19-08 18 INFO  [Thread-11] o.s.b.w.e.tomcat.GracefulShutdown - Commencing graceful shutdown. Waiting for active requests to complete
2025-19-08 18 INFO  [tomcat-shutdown] o.a.coyote.http11.Http11NioProtocol - Pausing ProtocolHandler ["http-nio-8080"]
2025-19-08 18 INFO  [tomcat-shutdown] o.s.b.w.e.tomcat.GracefulShutdown - Graceful shutdown complete
2025-19-08 18 INFO  [Thread-11] o.a.coyote.http11.Http11NioProtocol - Stopping ProtocolHandler ["http-nio-8080"]
2025-19-08 18 INFO  [Thread-11] o.s.o.j.LocalContainerEntityManagerFactoryBean - Closing JPA EntityManagerFactory for persistence unit 'default'
2025-19-08 18 INFO  [Thread-11] com.zaxxer.hikari.HikariDataSource - HikariPool-3 - Shutdown initiated...
2025-19-08 18 INFO  [Thread-11] com.zaxxer.hikari.HikariDataSource - HikariPool-3 - Shutdown completed.
2025-19-08 18 INFO  [restartedMain] c.c.ChintanApiServiceApplication - Starting ChintanApiServiceApplication using Java 23 with PID 12240 (C:\Java Class\chintan-api-service\target\classes started by Nitro in C:\Java Class\chintan-api-service)
2025-19-08 18 INFO  [restartedMain] c.c.ChintanApiServiceApplication - The following 1 profile is active: "dev"
2025-19-08 18 INFO  [restartedMain] o.s.d.r.c.RepositoryConfigurationDelegate - Bootstrapping Spring Data JPA repositories in DEFAULT mode.
2025-19-08 18 INFO  [restartedMain] o.s.d.r.c.RepositoryConfigurationDelegate - Finished Spring Data repository scanning in 14 ms. Found 7 JPA repository interfaces.
2025-19-08 18 INFO  [restartedMain] o.s.b.w.e.tomcat.TomcatWebServer - Tomcat initialized with port 8080 (http)
2025-19-08 18 INFO  [restartedMain] o.a.coyote.http11.Http11NioProtocol - Initializing ProtocolHandler ["http-nio-8080"]
2025-19-08 18 INFO  [restartedMain] o.a.catalina.core.StandardService - Starting service [Tomcat]
2025-19-08 18 INFO  [restartedMain] o.a.catalina.core.StandardEngine - Starting Servlet engine: [Apache Tomcat/10.1.36]
2025-19-08 18 INFO  [restartedMain] o.a.c.c.C.[Tomcat].[localhost].[/] - Initializing Spring embedded WebApplicationContext
2025-19-08 18 INFO  [restartedMain] o.s.b.w.s.c.ServletWebServerApplicationContext - Root WebApplicationContext: initialization completed in 251 ms
2025-19-08 18 INFO  [restartedMain] o.h.jpa.internal.util.LogHelper - HHH000204: Processing PersistenceUnitInfo [name: default]
2025-19-08 18 INFO  [restartedMain] o.h.c.i.RegionFactoryInitiator - HHH000026: Second-level cache disabled
2025-19-08 18 INFO  [restartedMain] o.s.o.j.p.SpringPersistenceUnitInfo - No LoadTimeWeaver setup: ignoring JPA class transformer
2025-19-08 18 INFO  [restartedMain] com.zaxxer.hikari.HikariDataSource - HikariPool-4 - Starting...
2025-19-08 18 INFO  [restartedMain] com.zaxxer.hikari.pool.HikariPool - HikariPool-4 - Added connection com.mysql.cj.jdbc.ConnectionImpl@6380ecc1
2025-19-08 18 INFO  [restartedMain] com.zaxxer.hikari.HikariDataSource - HikariPool-4 - Start completed.
2025-19-08 18 WARN  [restartedMain] org.hibernate.orm.deprecation - HHH90000025: MySQL8Dialect does not need to be specified explicitly using 'hibernate.dialect' (remove the property setting and it will be selected by default)
2025-19-08 18 WARN  [restartedMain] org.hibernate.orm.deprecation - HHH90000026: MySQL8Dialect has been deprecated; use org.hibernate.dialect.MySQLDialect instead
2025-19-08 18 INFO  [restartedMain] o.hibernate.orm.connections.pooling - HHH10001005: Database info:
	Database JDBC URL [Connecting through datasource 'HikariDataSource (HikariPool-4)']
	Database driver: undefined/unknown
	Database version: 8.0
	Autocommit mode: undefined/unknown
	Isolation level: undefined/unknown
	Minimum pool size: undefined/unknown
	Maximum pool size: undefined/unknown
2025-19-08 18 INFO  [restartedMain] o.h.e.t.j.p.i.JtaPlatformInitiator - HHH000489: No JTA platform available (set 'hibernate.transaction.jta.platform' to enable JTA platform integration)
2025-19-08 18 INFO  [restartedMain] o.s.o.j.LocalContainerEntityManagerFactoryBean - Initialized JPA EntityManagerFactory for persistence unit 'default'
2025-19-08 18 INFO  [restartedMain] o.s.s.c.a.a.c.InitializeAuthenticationProviderBeanManagerConfigurer$InitializeAuthenticationProviderManagerConfigurer - Global AuthenticationManager configured with AuthenticationProvider bean with name authenticationProvider
2025-19-08 18 WARN  [restartedMain] o.s.s.c.a.a.c.InitializeUserDetailsBeanManagerConfigurer$InitializeUserDetailsManagerConfigurer - Global AuthenticationManager configured with an AuthenticationProvider bean. UserDetailsService beans will not be used by Spring Security for automatically configuring username/password login. Consider removing the AuthenticationProvider bean. Alternatively, consider using the UserDetailsService in a manually instantiated DaoAuthenticationProvider. If the current configuration is intentional, to turn off this warning, increase the logging level of 'org.springframework.security.config.annotation.authentication.configuration.InitializeUserDetailsBeanManagerConfigurer' to ERROR
2025-19-08 18 WARN  [restartedMain] o.s.b.a.o.j.JpaBaseConfiguration$JpaWebConfiguration - spring.jpa.open-in-view is enabled by default. Therefore, database queries may be performed during view rendering. Explicitly configure spring.jpa.open-in-view to disable this warning
2025-19-08 18 INFO  [restartedMain] o.s.b.d.a.OptionalLiveReloadServer - LiveReload server is running on port 35729
2025-19-08 18 INFO  [restartedMain] o.a.coyote.http11.Http11NioProtocol - Starting ProtocolHandler ["http-nio-8080"]
2025-19-08 18 INFO  [restartedMain] o.s.b.w.e.tomcat.TomcatWebServer - Tomcat started on port 8080 (http) with context path '/'
2025-19-08 18 INFO  [restartedMain] c.c.ChintanApiServiceApplication - Started ChintanApiServiceApplication in 0.932 seconds (process running for 619.1)
2025-19-08 18 INFO  [restartedMain] o.s.b.d.a.ConditionEvaluationDeltaLoggingListener - Condition evaluation unchanged
2025-19-08 18 INFO  [http-nio-8080-exec-1] o.a.c.c.C.[Tomcat].[localhost].[/] - Initializing Spring DispatcherServlet 'dispatcherServlet'
2025-19-08 18 INFO  [http-nio-8080-exec-1] o.s.web.servlet.DispatcherServlet - Initializing Servlet 'dispatcherServlet'
2025-19-08 18 INFO  [http-nio-8080-exec-1] o.s.web.servlet.DispatcherServlet - Completed initialization in 1 ms
2025-19-08 18 INFO  [http-nio-8080-exec-1] c.chintan.controller.AuthController - AuthController : registerUser() : Exceution Start
2025-19-08 18 INFO  [http-nio-8080-exec-1] c.c.serviceImpl.AuthServiceImpl - AuthServiceImpl : register() : Exceution Start
2025-19-08 18 INFO  [http-nio-8080-exec-1] c.c.exception.GlobalExceptionHandler - GlobalExceptionHandler : handleException() : Row was updated or deleted by another transaction (or unsaved-value mapping was incorrect): [com.chintan.entity.User#1073741824]
2025-19-08 18 WARN  [http-nio-8080-exec-1] o.s.w.s.m.m.a.ExceptionHandlerExceptionResolver - Resolved [org.springframework.orm.ObjectOptimisticLockingFailureException: Row was updated or deleted by another transaction (or unsaved-value mapping was incorrect): [com.chintan.entity.User#1073741824]]
2025-19-09 18 INFO  [http-nio-8080-exec-3] c.chintan.controller.AuthController - AuthController : registerUser() : Exceution Start
2025-19-09 18 INFO  [http-nio-8080-exec-3] c.c.serviceImpl.AuthServiceImpl - AuthServiceImpl : register() : Exceution Start
2025-19-09 18 INFO  [http-nio-8080-exec-3] c.c.serviceImpl.AuthServiceImpl - Message: email send success
2025-19-09 18 INFO  [http-nio-8080-exec-3] c.c.serviceImpl.AuthServiceImpl - AuthServiceImpl : register() : Exceution End
2025-19-09 18 INFO  [http-nio-8080-exec-3] c.chintan.controller.AuthController - AuthController : registerUser() : Exceution End
2025-19-19 18 INFO  [http-nio-8080-exec-5] c.chintan.controller.AuthController - AuthController : registerUser() : Exceution Start
2025-19-19 18 INFO  [http-nio-8080-exec-5] c.c.serviceImpl.AuthServiceImpl - AuthServiceImpl : register() : Exceution Start
2025-19-19 18 INFO  [http-nio-8080-exec-5] c.c.exception.GlobalExceptionHandler - GlobalExceptionHandler : handleIllegalArgumentException() : mobno is invalid
2025-19-19 18 WARN  [http-nio-8080-exec-5] o.s.w.s.m.m.a.ExceptionHandlerExceptionResolver - Resolved [java.lang.IllegalArgumentException: mobno is invalid]
2025-19-21 18 INFO  [http-nio-8080-exec-4] c.chintan.controller.AuthController - AuthController : registerUser() : Exceution Start
2025-19-21 18 INFO  [http-nio-8080-exec-4] c.c.serviceImpl.AuthServiceImpl - AuthServiceImpl : register() : Exceution Start
2025-19-21 18 INFO  [http-nio-8080-exec-4] c.c.exception.GlobalExceptionHandler - GlobalExceptionHandler : handleIllegalArgumentException() : email is invalid
2025-19-21 18 WARN  [http-nio-8080-exec-4] o.s.w.s.m.m.a.ExceptionHandlerExceptionResolver - Resolved [java.lang.IllegalArgumentException: email is invalid]
2025-19-21 18 INFO  [http-nio-8080-exec-6] c.chintan.controller.AuthController - AuthController : registerUser() : Exceution Start
2025-19-21 18 INFO  [http-nio-8080-exec-6] c.c.serviceImpl.AuthServiceImpl - AuthServiceImpl : register() : Exceution Start
2025-19-22 18 INFO  [http-nio-8080-exec-6] c.c.serviceImpl.AuthServiceImpl - Message: email send success
2025-19-22 18 INFO  [http-nio-8080-exec-6] c.c.serviceImpl.AuthServiceImpl - AuthServiceImpl : register() : Exceution End
2025-19-22 18 INFO  [http-nio-8080-exec-6] c.chintan.controller.AuthController - AuthController : registerUser() : Exceution End
2025-19-24 18 INFO  [http-nio-8080-exec-8] c.c.exception.GlobalExceptionHandler - GlobalExceptionHandler : handleHttpMessageNotReadableException() : JSON parse error: Cannot construct instance of `com.chintan.dto.UserRequest$RoleDto` (although at least one Creator exists): no String-argument constructor/factory method to deserialize from String value ('USER')
2025-19-24 18 WARN  [http-nio-8080-exec-8] o.s.w.s.m.m.a.ExceptionHandlerExceptionResolver - Resolved [org.springframework.http.converter.HttpMessageNotReadableException: JSON parse error: Cannot construct instance of `com.chintan.dto.UserRequest$RoleDto` (although at least one Creator exists): no String-argument constructor/factory method to deserialize from String value ('USER')]
2025-19-24 18 INFO  [http-nio-8080-exec-9] c.c.exception.GlobalExceptionHandler - GlobalExceptionHandler : handleHttpMessageNotReadableException() : JSON parse error: Cannot construct instance of `com.chintan.dto.UserRequest$RoleDto` (although at least one Creator exists): no String-argument constructor/factory method to deserialize from String value ('USER')
2025-19-24 18 WARN  [http-nio-8080-exec-9] o.s.w.s.m.m.a.ExceptionHandlerExceptionResolver - Resolved [org.springframework.http.converter.HttpMessageNotReadableException: JSON parse error: Cannot construct instance of `com.chintan.dto.UserRequest$RoleDto` (although at least one Creator exists): no String-argument constructor/factory method to deserialize from String value ('USER')]
2025-19-26 18 INFO  [http-nio-8080-exec-10] c.chintan.controller.AuthController - AuthController : registerUser() : Exceution Start
2025-19-26 18 INFO  [http-nio-8080-exec-10] c.c.serviceImpl.AuthServiceImpl - AuthServiceImpl : register() : Exceution Start
2025-19-26 18 INFO  [http-nio-8080-exec-10] c.c.exception.GlobalExceptionHandler - GlobalExceptionHandler : handleIllegalArgumentException() : email is invalid
2025-19-26 18 WARN  [http-nio-8080-exec-10] o.s.w.s.m.m.a.ExceptionHandlerExceptionResolver - Resolved [java.lang.IllegalArgumentException: email is invalid]
2025-19-29 18 INFO  [http-nio-8080-exec-1] c.chintan.controller.AuthController - AuthController : registerUser() : Exceution Start
2025-19-29 18 INFO  [http-nio-8080-exec-1] c.c.serviceImpl.AuthServiceImpl - AuthServiceImpl : register() : Exceution Start
2025-19-29 18 INFO  [http-nio-8080-exec-1] c.c.exception.GlobalExceptionHandler - GlobalExceptionHandler : handleIllegalArgumentException() : last name is invalid
2025-19-29 18 WARN  [http-nio-8080-exec-1] o.s.w.s.m.m.a.ExceptionHandlerExceptionResolver - Resolved [java.lang.IllegalArgumentException: last name is invalid]
2025-19-29 18 INFO  [http-nio-8080-exec-3] c.chintan.controller.AuthController - AuthController : registerUser() : Exceution Start
2025-19-29 18 INFO  [http-nio-8080-exec-3] c.c.serviceImpl.AuthServiceImpl - AuthServiceImpl : register() : Exceution Start
2025-19-29 18 INFO  [http-nio-8080-exec-3] c.c.exception.GlobalExceptionHandler - GlobalExceptionHandler : handleIllegalArgumentException() : last name is invalid
2025-19-29 18 WARN  [http-nio-8080-exec-3] o.s.w.s.m.m.a.ExceptionHandlerExceptionResolver - Resolved [java.lang.IllegalArgumentException: last name is invalid]
2025-19-29 18 INFO  [http-nio-8080-exec-2] c.chintan.controller.AuthController - AuthController : registerUser() : Exceution Start
2025-19-29 18 INFO  [http-nio-8080-exec-2] c.c.serviceImpl.AuthServiceImpl - AuthServiceImpl : register() : Exceution Start
2025-19-29 18 INFO  [http-nio-8080-exec-2] c.c.exception.GlobalExceptionHandler - GlobalExceptionHandler : handleIllegalArgumentException() : last name is invalid
2025-19-29 18 WARN  [http-nio-8080-exec-2] o.s.w.s.m.m.a.ExceptionHandlerExceptionResolver - Resolved [java.lang.IllegalArgumentException: last name is invalid]
2025-19-29 18 INFO  [http-nio-8080-exec-5] c.chintan.controller.AuthController - AuthController : registerUser() : Exceution Start
2025-19-29 18 INFO  [http-nio-8080-exec-5] c.c.serviceImpl.AuthServiceImpl - AuthServiceImpl : register() : Exceution Start
2025-19-29 18 INFO  [http-nio-8080-exec-5] c.c.exception.GlobalExceptionHandler - GlobalExceptionHandler : handleIllegalArgumentException() : last name is invalid
2025-19-29 18 WARN  [http-nio-8080-exec-5] o.s.w.s.m.m.a.ExceptionHandlerExceptionResolver - Resolved [java.lang.IllegalArgumentException: last name is invalid]
2025-19-29 18 INFO  [http-nio-8080-exec-4] c.chintan.controller.AuthController - AuthController : registerUser() : Exceution Start
2025-19-29 18 INFO  [http-nio-8080-exec-4] c.c.serviceImpl.AuthServiceImpl - AuthServiceImpl : register() : Exceution Start
2025-19-29 18 INFO  [http-nio-8080-exec-4] c.c.exception.GlobalExceptionHandler - GlobalExceptionHandler : handleIllegalArgumentException() : last name is invalid
2025-19-29 18 WARN  [http-nio-8080-exec-4] o.s.w.s.m.m.a.ExceptionHandlerExceptionResolver - Resolved [java.lang.IllegalArgumentException: last name is invalid]
2025-19-29 18 INFO  [http-nio-8080-exec-6] c.chintan.controller.AuthController - AuthController : registerUser() : Exceution Start
2025-19-29 18 INFO  [http-nio-8080-exec-6] c.c.serviceImpl.AuthServiceImpl - AuthServiceImpl : register() : Exceution Start
2025-19-29 18 INFO  [http-nio-8080-exec-6] c.c.exception.GlobalExceptionHandler - GlobalExceptionHandler : handleIllegalArgumentException() : last name is invalid
2025-19-29 18 WARN  [http-nio-8080-exec-6] o.s.w.s.m.m.a.ExceptionHandlerExceptionResolver - Resolved [java.lang.IllegalArgumentException: last name is invalid]
2025-19-29 18 INFO  [http-nio-8080-exec-7] c.chintan.controller.AuthController - AuthController : registerUser() : Exceution Start
2025-19-29 18 INFO  [http-nio-8080-exec-7] c.c.serviceImpl.AuthServiceImpl - AuthServiceImpl : register() : Exceution Start
2025-19-29 18 INFO  [http-nio-8080-exec-7] c.c.exception.GlobalExceptionHandler - GlobalExceptionHandler : handleIllegalArgumentException() : last name is invalid
2025-19-29 18 WARN  [http-nio-8080-exec-7] o.s.w.s.m.m.a.ExceptionHandlerExceptionResolver - Resolved [java.lang.IllegalArgumentException: last name is invalid]
2025-19-30 18 INFO  [http-nio-8080-exec-8] c.chintan.controller.AuthController - AuthController : registerUser() : Exceution Start
2025-19-30 18 INFO  [http-nio-8080-exec-8] c.c.serviceImpl.AuthServiceImpl - AuthServiceImpl : register() : Exceution Start
2025-19-30 18 INFO  [http-nio-8080-exec-8] c.c.exception.GlobalExceptionHandler - GlobalExceptionHandler : handleIllegalArgumentException() : last name is invalid
2025-19-30 18 WARN  [http-nio-8080-exec-8] o.s.w.s.m.m.a.ExceptionHandlerExceptionResolver - Resolved [java.lang.IllegalArgumentException: last name is invalid]
2025-19-30 18 INFO  [http-nio-8080-exec-9] c.chintan.controller.AuthController - AuthController : registerUser() : Exceution Start
2025-19-30 18 INFO  [http-nio-8080-exec-9] c.c.serviceImpl.AuthServiceImpl - AuthServiceImpl : register() : Exceution Start
2025-19-30 18 INFO  [http-nio-8080-exec-9] c.c.exception.GlobalExceptionHandler - GlobalExceptionHandler : handleIllegalArgumentException() : last name is invalid
2025-19-30 18 WARN  [http-nio-8080-exec-9] o.s.w.s.m.m.a.ExceptionHandlerExceptionResolver - Resolved [java.lang.IllegalArgumentException: last name is invalid]
2025-19-30 18 INFO  [http-nio-8080-exec-10] c.chintan.controller.AuthController - AuthController : registerUser() : Exceution Start
2025-19-30 18 INFO  [http-nio-8080-exec-10] c.c.serviceImpl.AuthServiceImpl - AuthServiceImpl : register() : Exceution Start
2025-19-30 18 INFO  [http-nio-8080-exec-10] c.c.exception.GlobalExceptionHandler - GlobalExceptionHandler : handleIllegalArgumentException() : last name is invalid
2025-19-30 18 WARN  [http-nio-8080-exec-10] o.s.w.s.m.m.a.ExceptionHandlerExceptionResolver - Resolved [java.lang.IllegalArgumentException: last name is invalid]
2025-19-30 18 INFO  [http-nio-8080-exec-1] c.chintan.controller.AuthController - AuthController : registerUser() : Exceution Start
2025-19-30 18 INFO  [http-nio-8080-exec-1] c.c.serviceImpl.AuthServiceImpl - AuthServiceImpl : register() : Exceution Start
2025-19-30 18 INFO  [http-nio-8080-exec-1] c.c.exception.GlobalExceptionHandler - GlobalExceptionHandler : handleIllegalArgumentException() : last name is invalid
2025-19-30 18 WARN  [http-nio-8080-exec-1] o.s.w.s.m.m.a.ExceptionHandlerExceptionResolver - Resolved [java.lang.IllegalArgumentException: last name is invalid]
2025-19-30 18 INFO  [http-nio-8080-exec-3] c.chintan.controller.AuthController - AuthController : registerUser() : Exceution Start
2025-19-30 18 INFO  [http-nio-8080-exec-3] c.c.serviceImpl.AuthServiceImpl - AuthServiceImpl : register() : Exceution Start
2025-19-30 18 INFO  [http-nio-8080-exec-3] c.c.exception.GlobalExceptionHandler - GlobalExceptionHandler : handleIllegalArgumentException() : last name is invalid
2025-19-30 18 WARN  [http-nio-8080-exec-3] o.s.w.s.m.m.a.ExceptionHandlerExceptionResolver - Resolved [java.lang.IllegalArgumentException: last name is invalid]
2025-19-30 18 INFO  [http-nio-8080-exec-2] c.chintan.controller.AuthController - AuthController : registerUser() : Exceution Start
2025-19-30 18 INFO  [http-nio-8080-exec-2] c.c.serviceImpl.AuthServiceImpl - AuthServiceImpl : register() : Exceution Start
2025-19-30 18 INFO  [http-nio-8080-exec-2] c.c.exception.GlobalExceptionHandler - GlobalExceptionHandler : handleIllegalArgumentException() : email is invalid
2025-19-30 18 WARN  [http-nio-8080-exec-2] o.s.w.s.m.m.a.ExceptionHandlerExceptionResolver - Resolved [java.lang.IllegalArgumentException: email is invalid]
2025-19-30 18 INFO  [http-nio-8080-exec-5] c.chintan.controller.AuthController - AuthController : registerUser() : Exceution Start
2025-19-30 18 INFO  [http-nio-8080-exec-5] c.c.serviceImpl.AuthServiceImpl - AuthServiceImpl : register() : Exceution Start
2025-19-30 18 INFO  [http-nio-8080-exec-5] c.c.exception.GlobalExceptionHandler - GlobalExceptionHandler : handleIllegalArgumentException() : mobno is invalid
2025-19-30 18 WARN  [http-nio-8080-exec-5] o.s.w.s.m.m.a.ExceptionHandlerExceptionResolver - Resolved [java.lang.IllegalArgumentException: mobno is invalid]
2025-19-31 18 INFO  [http-nio-8080-exec-4] c.chintan.controller.AuthController - AuthController : registerUser() : Exceution Start
2025-19-31 18 INFO  [http-nio-8080-exec-4] c.c.serviceImpl.AuthServiceImpl - AuthServiceImpl : register() : Exceution Start
2025-19-31 18 INFO  [http-nio-8080-exec-4] c.c.exception.GlobalExceptionHandler - GlobalExceptionHandler : handleIllegalArgumentException() : mobno is invalid
2025-19-31 18 WARN  [http-nio-8080-exec-4] o.s.w.s.m.m.a.ExceptionHandlerExceptionResolver - Resolved [java.lang.IllegalArgumentException: mobno is invalid]
2025-19-31 18 INFO  [http-nio-8080-exec-6] c.chintan.controller.AuthController - AuthController : registerUser() : Exceution Start
2025-19-31 18 INFO  [http-nio-8080-exec-6] c.c.serviceImpl.AuthServiceImpl - AuthServiceImpl : register() : Exceution Start
2025-19-31 18 INFO  [http-nio-8080-exec-6] c.c.exception.GlobalExceptionHandler - GlobalExceptionHandler : handleIllegalArgumentException() : mobno is invalid
2025-19-31 18 WARN  [http-nio-8080-exec-6] o.s.w.s.m.m.a.ExceptionHandlerExceptionResolver - Resolved [java.lang.IllegalArgumentException: mobno is invalid]
2025-19-31 18 INFO  [http-nio-8080-exec-7] c.chintan.controller.AuthController - AuthController : registerUser() : Exceution Start
2025-19-31 18 INFO  [http-nio-8080-exec-7] c.c.serviceImpl.AuthServiceImpl - AuthServiceImpl : register() : Exceution Start
2025-19-31 18 INFO  [http-nio-8080-exec-8] c.chintan.controller.AuthController - AuthController : registerUser() : Exceution Start
2025-19-31 18 INFO  [http-nio-8080-exec-8] c.c.serviceImpl.AuthServiceImpl - AuthServiceImpl : register() : Exceution Start
2025-19-31 18 INFO  [http-nio-8080-exec-8] c.c.exception.GlobalExceptionHandler - GlobalExceptionHandler : handleExistDataException() : Email already exists !
2025-19-31 18 WARN  [http-nio-8080-exec-8] o.s.w.s.m.m.a.ExceptionHandlerExceptionResolver - Resolved [com.chintan.exception.ExistDataException: Email already exists !]
2025-19-31 18 INFO  [http-nio-8080-exec-7] c.c.serviceImpl.AuthServiceImpl - Message: email send success
2025-19-31 18 INFO  [http-nio-8080-exec-7] c.c.serviceImpl.AuthServiceImpl - AuthServiceImpl : register() : Exceution End
2025-19-31 18 INFO  [http-nio-8080-exec-7] c.chintan.controller.AuthController - AuthController : registerUser() : Exceution End
2025-19-31 18 INFO  [http-nio-8080-exec-1] c.chintan.controller.AuthController - AuthController : registerUser() : Exceution Start
2025-19-31 18 INFO  [http-nio-8080-exec-1] c.c.serviceImpl.AuthServiceImpl - AuthServiceImpl : register() : Exceution Start
2025-19-31 18 INFO  [http-nio-8080-exec-1] c.c.exception.GlobalExceptionHandler - GlobalExceptionHandler : handleExistDataException() : Email already exists !
2025-19-31 18 WARN  [http-nio-8080-exec-1] o.s.w.s.m.m.a.ExceptionHandlerExceptionResolver - Resolved [com.chintan.exception.ExistDataException: Email already exists !]
2025-19-32 18 INFO  [http-nio-8080-exec-2] c.chintan.controller.AuthController - AuthController : registerUser() : Exceution Start
2025-19-32 18 INFO  [http-nio-8080-exec-2] c.c.serviceImpl.AuthServiceImpl - AuthServiceImpl : register() : Exceution Start
2025-19-32 18 INFO  [http-nio-8080-exec-5] c.chintan.controller.AuthController - AuthController : registerUser() : Exceution Start
2025-19-32 18 INFO  [http-nio-8080-exec-5] c.c.serviceImpl.AuthServiceImpl - AuthServiceImpl : register() : Exceution Start
2025-19-32 18 INFO  [http-nio-8080-exec-5] c.c.exception.GlobalExceptionHandler - GlobalExceptionHandler : handleExistDataException() : Email already exists !
2025-19-32 18 WARN  [http-nio-8080-exec-5] o.s.w.s.m.m.a.ExceptionHandlerExceptionResolver - Resolved [com.chintan.exception.ExistDataException: Email already exists !]
2025-19-32 18 INFO  [http-nio-8080-exec-2] c.c.serviceImpl.AuthServiceImpl - Message: email send success
2025-19-32 18 INFO  [http-nio-8080-exec-2] c.c.serviceImpl.AuthServiceImpl - AuthServiceImpl : register() : Exceution End
2025-19-32 18 INFO  [http-nio-8080-exec-2] c.chintan.controller.AuthController - AuthController : registerUser() : Exceution End
2025-19-33 18 INFO  [http-nio-8080-exec-8] c.chintan.controller.AuthController - AuthController : registerUser() : Exceution Start
2025-19-33 18 INFO  [http-nio-8080-exec-8] c.c.serviceImpl.AuthServiceImpl - AuthServiceImpl : register() : Exceution Start
2025-19-33 18 INFO  [http-nio-8080-exec-8] c.c.serviceImpl.AuthServiceImpl - Message: email send success
2025-19-33 18 INFO  [http-nio-8080-exec-8] c.c.serviceImpl.AuthServiceImpl - AuthServiceImpl : register() : Exceution End
2025-19-33 18 INFO  [http-nio-8080-exec-8] c.chintan.controller.AuthController - AuthController : registerUser() : Exceution End
2025-19-35 18 INFO  [http-nio-8080-exec-7] c.chintan.controller.AuthController - AuthController : registerUser() : Exceution Start
2025-19-35 18 INFO  [http-nio-8080-exec-7] c.c.serviceImpl.AuthServiceImpl - AuthServiceImpl : register() : Exceution Start
2025-19-35 18 INFO  [http-nio-8080-exec-7] c.c.exception.GlobalExceptionHandler - GlobalExceptionHandler : handleIllegalArgumentException() : email is invalid
2025-19-35 18 WARN  [http-nio-8080-exec-7] o.s.w.s.m.m.a.ExceptionHandlerExceptionResolver - Resolved [java.lang.IllegalArgumentException: email is invalid]
2025-19-35 18 INFO  [http-nio-8080-exec-10] c.chintan.controller.AuthController - AuthController : registerUser() : Exceution Start
2025-19-35 18 INFO  [http-nio-8080-exec-10] c.c.serviceImpl.AuthServiceImpl - AuthServiceImpl : register() : Exceution Start
2025-19-35 18 INFO  [http-nio-8080-exec-10] c.c.exception.GlobalExceptionHandler - GlobalExceptionHandler : handleIllegalArgumentException() : mobno is invalid
2025-19-35 18 WARN  [http-nio-8080-exec-10] o.s.w.s.m.m.a.ExceptionHandlerExceptionResolver - Resolved [java.lang.IllegalArgumentException: mobno is invalid]
2025-19-35 18 INFO  [http-nio-8080-exec-1] c.chintan.controller.AuthController - AuthController : registerUser() : Exceution Start
2025-19-35 18 INFO  [http-nio-8080-exec-1] c.c.serviceImpl.AuthServiceImpl - AuthServiceImpl : register() : Exceution Start
2025-19-35 18 INFO  [http-nio-8080-exec-1] c.c.exception.GlobalExceptionHandler - GlobalExceptionHandler : handleIllegalArgumentException() : mobno is invalid
2025-19-35 18 WARN  [http-nio-8080-exec-1] o.s.w.s.m.m.a.ExceptionHandlerExceptionResolver - Resolved [java.lang.IllegalArgumentException: mobno is invalid]
2025-19-36 18 INFO  [http-nio-8080-exec-3] c.chintan.controller.AuthController - AuthController : registerUser() : Exceution Start
2025-19-36 18 INFO  [http-nio-8080-exec-3] c.c.serviceImpl.AuthServiceImpl - AuthServiceImpl : register() : Exceution Start
2025-19-36 18 INFO  [http-nio-8080-exec-3] c.c.serviceImpl.AuthServiceImpl - Message: email send success
2025-19-36 18 INFO  [http-nio-8080-exec-3] c.c.serviceImpl.AuthServiceImpl - AuthServiceImpl : register() : Exceution End
2025-19-36 18 INFO  [http-nio-8080-exec-3] c.chintan.controller.AuthController - AuthController : registerUser() : Exceution End
