2025-14-13 19 INFO  [http-nio-8080-exec-10] c.c.exception.GlobalExceptionHandler - GlobalExceptionHandler : handleBadCredentialsException() : Bad credentials
2025-14-13 19 WARN  [http-nio-8080-exec-10] o.s.w.s.m.m.a.ExceptionHandlerExceptionResolver - Resolved [org.springframework.security.authentication.BadCredentialsException: Bad credentials]
2025-14-14 19 INFO  [http-nio-8080-exec-1] c.c.exception.GlobalExceptionHandler - GlobalExceptionHandler : handleBadCredentialsException() : Bad credentials
2025-14-14 19 WARN  [http-nio-8080-exec-1] o.s.w.s.m.m.a.ExceptionHandlerExceptionResolver - Resolved [org.springframework.security.authentication.BadCredentialsException: Bad credentials]
2025-14-14 19 INFO  [http-nio-8080-exec-3] c.c.exception.GlobalExceptionHandler - GlobalExceptionHandler : handleBadCredentialsException() : Bad credentials
2025-14-14 19 WARN  [http-nio-8080-exec-3] o.s.w.s.m.m.a.ExceptionHandlerExceptionResolver - Resolved [org.springframework.security.authentication.BadCredentialsException: Bad credentials]
2025-14-14 19 INFO  [http-nio-8080-exec-2] c.c.exception.GlobalExceptionHandler - GlobalExceptionHandler : handleBadCredentialsException() : Bad credentials
2025-14-14 19 WARN  [http-nio-8080-exec-2] o.s.w.s.m.m.a.ExceptionHandlerExceptionResolver - Resolved [org.springframework.security.authentication.BadCredentialsException: Bad credentials]
2025-14-14 19 INFO  [http-nio-8080-exec-4] c.c.exception.GlobalExceptionHandler - GlobalExceptionHandler : handleBadCredentialsException() : Bad credentials
2025-14-14 19 WARN  [http-nio-8080-exec-4] o.s.w.s.m.m.a.ExceptionHandlerExceptionResolver - Resolved [org.springframework.security.authentication.BadCredentialsException: Bad credentials]
2025-14-14 19 INFO  [http-nio-8080-exec-5] c.c.exception.GlobalExceptionHandler - GlobalExceptionHandler : handleBadCredentialsException() : Bad credentials
2025-14-14 19 WARN  [http-nio-8080-exec-5] o.s.w.s.m.m.a.ExceptionHandlerExceptionResolver - Resolved [org.springframework.security.authentication.BadCredentialsException: Bad credentials]
2025-14-14 19 INFO  [http-nio-8080-exec-6] c.c.exception.GlobalExceptionHandler - GlobalExceptionHandler : handleBadCredentialsException() : Bad credentials
2025-14-14 19 WARN  [http-nio-8080-exec-6] o.s.w.s.m.m.a.ExceptionHandlerExceptionResolver - Resolved [org.springframework.security.authentication.BadCredentialsException: Bad credentials]
2025-14-14 19 INFO  [http-nio-8080-exec-7] c.c.exception.GlobalExceptionHandler - GlobalExceptionHandler : handleBadCredentialsException() : Bad credentials
2025-14-14 19 WARN  [http-nio-8080-exec-7] o.s.w.s.m.m.a.ExceptionHandlerExceptionResolver - Resolved [org.springframework.security.authentication.BadCredentialsException: Bad credentials]
2025-14-15 19 INFO  [http-nio-8080-exec-8] c.c.exception.GlobalExceptionHandler - GlobalExceptionHandler : handleBadCredentialsException() : Bad credentials
2025-14-15 19 WARN  [http-nio-8080-exec-8] o.s.w.s.m.m.a.ExceptionHandlerExceptionResolver - Resolved [org.springframework.security.authentication.BadCredentialsException: Bad credentials]
2025-14-15 19 INFO  [http-nio-8080-exec-9] c.c.exception.GlobalExceptionHandler - GlobalExceptionHandler : handleBadCredentialsException() : Bad credentials
2025-14-15 19 WARN  [http-nio-8080-exec-9] o.s.w.s.m.m.a.ExceptionHandlerExceptionResolver - Resolved [org.springframework.security.authentication.BadCredentialsException: Bad credentials]
2025-14-15 19 INFO  [http-nio-8080-exec-10] c.c.exception.GlobalExceptionHandler - GlobalExceptionHandler : handleBadCredentialsException() : Bad credentials
2025-14-15 19 WARN  [http-nio-8080-exec-10] o.s.w.s.m.m.a.ExceptionHandlerExceptionResolver - Resolved [org.springframework.security.authentication.BadCredentialsException: Bad credentials]
2025-14-16 19 INFO  [http-nio-8080-exec-1] c.c.exception.GlobalExceptionHandler - GlobalExceptionHandler : handleBadCredentialsException() : Bad credentials
2025-14-16 19 WARN  [http-nio-8080-exec-1] o.s.w.s.m.m.a.ExceptionHandlerExceptionResolver - Resolved [org.springframework.security.authentication.BadCredentialsException: Bad credentials]
2025-14-16 19 INFO  [http-nio-8080-exec-3] o.s.api.AbstractOpenApiResource - Init duration for springdoc-openapi is: 2431 ms
2025-14-17 19 INFO  [http-nio-8080-exec-7] c.c.exception.GlobalExceptionHandler - GlobalExceptionHandler : handleBadCredentialsException() : Bad credentials
2025-14-17 19 WARN  [http-nio-8080-exec-7] o.s.w.s.m.m.a.ExceptionHandlerExceptionResolver - Resolved [org.springframework.security.authentication.BadCredentialsException: Bad credentials]
2025-14-17 19 INFO  [RMI TCP Connection(151)-127.0.0.1] o.s.b.a.SpringApplicationAdminMXBeanRegistrar$SpringApplicationAdmin - Application shutdown requested.
2025-14-17 19 INFO  [RMI TCP Connection(151)-127.0.0.1] o.s.b.w.e.tomcat.GracefulShutdown - Commencing graceful shutdown. Waiting for active requests to complete
2025-14-17 19 INFO  [tomcat-shutdown] o.a.coyote.http11.Http11NioProtocol - Pausing ProtocolHandler ["http-nio-8080"]
2025-14-17 19 INFO  [tomcat-shutdown] o.s.b.w.e.tomcat.GracefulShutdown - Graceful shutdown complete
2025-14-17 19 INFO  [RMI TCP Connection(151)-127.0.0.1] o.a.coyote.http11.Http11NioProtocol - Stopping ProtocolHandler ["http-nio-8080"]
2025-14-17 19 INFO  [RMI TCP Connection(151)-127.0.0.1] o.s.o.j.LocalContainerEntityManagerFactoryBean - Closing JPA EntityManagerFactory for persistence unit 'default'
2025-14-17 19 INFO  [RMI TCP Connection(151)-127.0.0.1] com.zaxxer.hikari.HikariDataSource - HikariPool-1 - Shutdown initiated...
2025-14-17 19 INFO  [RMI TCP Connection(151)-127.0.0.1] com.zaxxer.hikari.HikariDataSource - HikariPool-1 - Shutdown completed.
2025-14-18 19 INFO  [background-preinit] o.h.validator.internal.util.Version - HV000001: Hibernate Validator 8.0.2.Final
2025-14-18 19 INFO  [restartedMain] c.c.ChintanApiServiceApplication - Starting ChintanApiServiceApplication using Java 23 with PID 42784 (C:\Java Class\chintan-api-service\target\classes started by Nitro in C:\Java Class\chintan-api-service)
2025-14-18 19 INFO  [restartedMain] c.c.ChintanApiServiceApplication - The following 1 profile is active: "dev"
2025-14-18 19 INFO  [restartedMain] o.s.b.d.e.DevToolsPropertyDefaultsPostProcessor - Devtools property defaults active! Set 'spring.devtools.add-properties' to 'false' to disable
2025-14-18 19 INFO  [restartedMain] o.s.b.d.e.DevToolsPropertyDefaultsPostProcessor - For additional web related logging consider setting the 'logging.level.web' property to 'DEBUG'
2025-14-18 19 INFO  [restartedMain] o.s.d.r.c.RepositoryConfigurationDelegate - Bootstrapping Spring Data JPA repositories in DEFAULT mode.
2025-14-18 19 INFO  [restartedMain] o.s.d.r.c.RepositoryConfigurationDelegate - Finished Spring Data repository scanning in 61 ms. Found 7 JPA repository interfaces.
2025-14-18 19 INFO  [restartedMain] o.s.b.w.e.tomcat.TomcatWebServer - Tomcat initialized with port 8080 (http)
2025-14-18 19 INFO  [restartedMain] o.a.coyote.http11.Http11NioProtocol - Initializing ProtocolHandler ["http-nio-8080"]
2025-14-18 19 INFO  [restartedMain] o.a.catalina.core.StandardService - Starting service [Tomcat]
2025-14-18 19 INFO  [restartedMain] o.a.catalina.core.StandardEngine - Starting Servlet engine: [Apache Tomcat/10.1.36]
2025-14-18 19 INFO  [restartedMain] o.a.c.c.C.[Tomcat].[localhost].[/] - Initializing Spring embedded WebApplicationContext
2025-14-18 19 INFO  [restartedMain] o.s.b.w.s.c.ServletWebServerApplicationContext - Root WebApplicationContext: initialization completed in 1500 ms
2025-14-18 19 INFO  [restartedMain] o.h.jpa.internal.util.LogHelper - HHH000204: Processing PersistenceUnitInfo [name: default]
2025-14-18 19 INFO  [restartedMain] org.hibernate.Version - HHH000412: Hibernate ORM core version 6.6.8.Final
2025-14-18 19 INFO  [restartedMain] o.h.c.i.RegionFactoryInitiator - HHH000026: Second-level cache disabled
2025-14-18 19 INFO  [restartedMain] o.s.o.j.p.SpringPersistenceUnitInfo - No LoadTimeWeaver setup: ignoring JPA class transformer
2025-14-18 19 INFO  [restartedMain] com.zaxxer.hikari.HikariDataSource - HikariPool-1 - Starting...
2025-14-18 19 INFO  [restartedMain] com.zaxxer.hikari.pool.HikariPool - HikariPool-1 - Added connection com.mysql.cj.jdbc.ConnectionImpl@5942a0b8
2025-14-18 19 INFO  [restartedMain] com.zaxxer.hikari.HikariDataSource - HikariPool-1 - Start completed.
2025-14-18 19 WARN  [restartedMain] org.hibernate.orm.deprecation - HHH90000025: MySQL8Dialect does not need to be specified explicitly using 'hibernate.dialect' (remove the property setting and it will be selected by default)
2025-14-18 19 WARN  [restartedMain] org.hibernate.orm.deprecation - HHH90000026: MySQL8Dialect has been deprecated; use org.hibernate.dialect.MySQLDialect instead
2025-14-18 19 INFO  [restartedMain] o.hibernate.orm.connections.pooling - HHH10001005: Database info:
	Database JDBC URL [Connecting through datasource 'HikariDataSource (HikariPool-1)']
	Database driver: undefined/unknown
	Database version: 8.0
	Autocommit mode: undefined/unknown
	Isolation level: undefined/unknown
	Minimum pool size: undefined/unknown
	Maximum pool size: undefined/unknown
2025-14-18 19 INFO  [restartedMain] o.h.e.t.j.p.i.JtaPlatformInitiator - HHH000489: No JTA platform available (set 'hibernate.transaction.jta.platform' to enable JTA platform integration)
2025-14-18 19 INFO  [restartedMain] o.s.o.j.LocalContainerEntityManagerFactoryBean - Initialized JPA EntityManagerFactory for persistence unit 'default'
2025-14-18 19 INFO  [restartedMain] o.s.s.c.a.a.c.InitializeAuthenticationProviderBeanManagerConfigurer$InitializeAuthenticationProviderManagerConfigurer - Global AuthenticationManager configured with AuthenticationProvider bean with name authenticationProvider
2025-14-18 19 WARN  [restartedMain] o.s.s.c.a.a.c.InitializeUserDetailsBeanManagerConfigurer$InitializeUserDetailsManagerConfigurer - Global AuthenticationManager configured with an AuthenticationProvider bean. UserDetailsService beans will not be used by Spring Security for automatically configuring username/password login. Consider removing the AuthenticationProvider bean. Alternatively, consider using the UserDetailsService in a manually instantiated DaoAuthenticationProvider. If the current configuration is intentional, to turn off this warning, increase the logging level of 'org.springframework.security.config.annotation.authentication.configuration.InitializeUserDetailsBeanManagerConfigurer' to ERROR
2025-14-18 19 INFO  [restartedMain] o.s.d.j.r.query.QueryEnhancerFactory - Hibernate is in classpath; If applicable, HQL parser will be used.
2025-14-18 19 WARN  [restartedMain] o.s.b.a.o.j.JpaBaseConfiguration$JpaWebConfiguration - spring.jpa.open-in-view is enabled by default. Therefore, database queries may be performed during view rendering. Explicitly configure spring.jpa.open-in-view to disable this warning
2025-14-18 19 INFO  [restartedMain] o.s.b.d.a.OptionalLiveReloadServer - LiveReload server is running on port 35729
2025-14-18 19 INFO  [restartedMain] o.a.coyote.http11.Http11NioProtocol - Starting ProtocolHandler ["http-nio-8080"]
2025-14-18 19 INFO  [restartedMain] o.s.b.w.e.tomcat.TomcatWebServer - Tomcat started on port 8080 (http) with context path '/'
2025-14-18 19 INFO  [restartedMain] c.c.ChintanApiServiceApplication - Started ChintanApiServiceApplication in 5.837 seconds (process running for 6.566)
2025-14-18 19 INFO  [http-nio-8080-exec-1] o.a.c.c.C.[Tomcat].[localhost].[/] - Initializing Spring DispatcherServlet 'dispatcherServlet'
2025-14-18 19 INFO  [http-nio-8080-exec-1] o.s.web.servlet.DispatcherServlet - Initializing Servlet 'dispatcherServlet'
2025-14-18 19 INFO  [http-nio-8080-exec-1] o.s.web.servlet.DispatcherServlet - Completed initialization in 2 ms
2025-14-18 19 INFO  [http-nio-8080-exec-1] c.c.exception.GlobalExceptionHandler - GlobalExceptionHandler : handleBadCredentialsException() : Bad credentials
2025-14-18 19 WARN  [http-nio-8080-exec-1] o.s.w.s.m.m.a.ExceptionHandlerExceptionResolver - Resolved [org.springframework.security.authentication.BadCredentialsException: Bad credentials]
2025-14-19 19 INFO  [http-nio-8080-exec-2] c.c.exception.GlobalExceptionHandler - GlobalExceptionHandler : handleBadCredentialsException() : Bad credentials
2025-14-19 19 WARN  [http-nio-8080-exec-2] o.s.w.s.m.m.a.ExceptionHandlerExceptionResolver - Resolved [org.springframework.security.authentication.BadCredentialsException: Bad credentials]
2025-14-20 19 INFO  [http-nio-8080-exec-3] c.c.exception.GlobalExceptionHandler - GlobalExceptionHandler : handleBadCredentialsException() : Bad credentials
2025-14-20 19 WARN  [http-nio-8080-exec-3] o.s.w.s.m.m.a.ExceptionHandlerExceptionResolver - Resolved [org.springframework.security.authentication.BadCredentialsException: Bad credentials]
2025-14-21 19 INFO  [http-nio-8080-exec-5] c.c.exception.GlobalExceptionHandler - GlobalExceptionHandler : handleBadCredentialsException() : Bad credentials
2025-14-21 19 WARN  [http-nio-8080-exec-5] o.s.w.s.m.m.a.ExceptionHandlerExceptionResolver - Resolved [org.springframework.security.authentication.BadCredentialsException: Bad credentials]
2025-14-21 19 INFO  [http-nio-8080-exec-6] c.c.exception.GlobalExceptionHandler - GlobalExceptionHandler : handleBadCredentialsException() : Bad credentials
2025-14-21 19 WARN  [http-nio-8080-exec-6] o.s.w.s.m.m.a.ExceptionHandlerExceptionResolver - Resolved [org.springframework.security.authentication.BadCredentialsException: Bad credentials]
2025-14-34 19 INFO  [http-nio-8080-exec-10] c.c.exception.GlobalExceptionHandler - GlobalExceptionHandler : handleBadCredentialsException() : Bad credentials
2025-14-34 19 WARN  [http-nio-8080-exec-10] o.s.w.s.m.m.a.ExceptionHandlerExceptionResolver - Resolved [org.springframework.security.authentication.BadCredentialsException: Bad credentials]
2025-14-34 19 INFO  [http-nio-8080-exec-7] c.c.exception.GlobalExceptionHandler - GlobalExceptionHandler : handleBadCredentialsException() : Bad credentials
2025-14-34 19 WARN  [http-nio-8080-exec-7] o.s.w.s.m.m.a.ExceptionHandlerExceptionResolver - Resolved [org.springframework.security.authentication.BadCredentialsException: Bad credentials]
2025-14-34 19 INFO  [http-nio-8080-exec-4] c.c.exception.GlobalExceptionHandler - GlobalExceptionHandler : handleBadCredentialsException() : Bad credentials
2025-14-34 19 WARN  [http-nio-8080-exec-4] o.s.w.s.m.m.a.ExceptionHandlerExceptionResolver - Resolved [org.springframework.security.authentication.BadCredentialsException: Bad credentials]
2025-14-34 19 INFO  [http-nio-8080-exec-9] c.c.exception.GlobalExceptionHandler - GlobalExceptionHandler : handleBadCredentialsException() : Bad credentials
2025-14-34 19 WARN  [http-nio-8080-exec-9] o.s.w.s.m.m.a.ExceptionHandlerExceptionResolver - Resolved [org.springframework.security.authentication.BadCredentialsException: Bad credentials]
2025-14-34 19 INFO  [http-nio-8080-exec-8] c.c.exception.GlobalExceptionHandler - GlobalExceptionHandler : handleBadCredentialsException() : Bad credentials
2025-14-34 19 WARN  [http-nio-8080-exec-8] o.s.w.s.m.m.a.ExceptionHandlerExceptionResolver - Resolved [org.springframework.security.authentication.BadCredentialsException: Bad credentials]
2025-14-34 19 INFO  [http-nio-8080-exec-1] c.c.exception.GlobalExceptionHandler - GlobalExceptionHandler : handleBadCredentialsException() : Bad credentials
2025-14-34 19 WARN  [http-nio-8080-exec-1] o.s.w.s.m.m.a.ExceptionHandlerExceptionResolver - Resolved [org.springframework.security.authentication.BadCredentialsException: Bad credentials]
2025-14-35 19 INFO  [http-nio-8080-exec-8] o.s.api.AbstractOpenApiResource - Init duration for springdoc-openapi is: 283 ms
2025-14-36 19 INFO  [http-nio-8080-exec-2] c.c.exception.GlobalExceptionHandler - GlobalExceptionHandler : handleBadCredentialsException() : Bad credentials
2025-14-36 19 WARN  [http-nio-8080-exec-2] o.s.w.s.m.m.a.ExceptionHandlerExceptionResolver - Resolved [org.springframework.security.authentication.BadCredentialsException: Bad credentials]
2025-14-43 19 INFO  [http-nio-8080-exec-8] c.c.exception.GlobalExceptionHandler - GlobalExceptionHandler : handleBadCredentialsException() : Bad credentials
2025-14-43 19 WARN  [http-nio-8080-exec-8] o.s.w.s.m.m.a.ExceptionHandlerExceptionResolver - Resolved [org.springframework.security.authentication.BadCredentialsException: Bad credentials]
2025-14-43 19 INFO  [http-nio-8080-exec-1] c.c.exception.GlobalExceptionHandler - GlobalExceptionHandler : handleBadCredentialsException() : Bad credentials
2025-14-43 19 WARN  [http-nio-8080-exec-1] o.s.w.s.m.m.a.ExceptionHandlerExceptionResolver - Resolved [org.springframework.security.authentication.BadCredentialsException: Bad credentials]
2025-14-43 19 INFO  [http-nio-8080-exec-2] c.c.exception.GlobalExceptionHandler - GlobalExceptionHandler : handleBadCredentialsException() : Bad credentials
2025-14-43 19 WARN  [http-nio-8080-exec-2] o.s.w.s.m.m.a.ExceptionHandlerExceptionResolver - Resolved [org.springframework.security.authentication.BadCredentialsException: Bad credentials]
2025-14-56 19 INFO  [http-nio-8080-exec-7] c.c.exception.GlobalExceptionHandler - GlobalExceptionHandler : handleException() : No static resource api/v1/auth/verify.
2025-14-56 19 WARN  [http-nio-8080-exec-7] o.s.w.s.m.m.a.ExceptionHandlerExceptionResolver - Resolved [org.springframework.web.servlet.resource.NoResourceFoundException: No static resource api/v1/auth/verify.]
2025-14-56 19 INFO  [http-nio-8080-exec-10] c.c.exception.GlobalExceptionHandler - GlobalExceptionHandler : handleBadCredentialsException() : Bad credentials
2025-14-56 19 WARN  [http-nio-8080-exec-10] o.s.w.s.m.m.a.ExceptionHandlerExceptionResolver - Resolved [org.springframework.security.authentication.BadCredentialsException: Bad credentials]
2025-14-56 19 INFO  [http-nio-8080-exec-9] c.c.exception.GlobalExceptionHandler - GlobalExceptionHandler : handleException() : No static resource api/v1/auth/profile.
2025-14-56 19 WARN  [http-nio-8080-exec-9] o.s.w.s.m.m.a.ExceptionHandlerExceptionResolver - Resolved [org.springframework.web.servlet.resource.NoResourceFoundException: No static resource api/v1/auth/profile.]
2025-14-58 19 INFO  [http-nio-8080-exec-4] c.c.exception.GlobalExceptionHandler - GlobalExceptionHandler : handleException() : No static resource api/v1/auth/verify.
2025-14-58 19 WARN  [http-nio-8080-exec-4] o.s.w.s.m.m.a.ExceptionHandlerExceptionResolver - Resolved [org.springframework.web.servlet.resource.NoResourceFoundException: No static resource api/v1/auth/verify.]
