2025-20-28 00 INFO  [http-nio-8080-exec-4] c.chintan.controller.AuthController - AuthController : registerUser() : Exceution Start
2025-20-28 00 INFO  [http-nio-8080-exec-4] c.c.serviceImpl.AuthServiceImpl - AuthServiceImpl : register() : Exceution Start
2025-20-28 00 INFO  [http-nio-8080-exec-4] c.c.serviceImpl.AuthServiceImpl - Message: email send success
2025-20-28 00 INFO  [http-nio-8080-exec-4] c.c.serviceImpl.AuthServiceImpl - AuthServiceImpl : register() : Exceution End
2025-20-28 00 INFO  [http-nio-8080-exec-4] c.chintan.controller.AuthController - AuthController : registerUser() : Exceution End
2025-20-33 00 INFO  [http-nio-8080-exec-6] c.chintan.controller.AuthController - AuthController : registerUser() : Exceution Start
2025-20-33 00 INFO  [http-nio-8080-exec-6] c.c.serviceImpl.AuthServiceImpl - AuthServiceImpl : register() : Exceution Start
2025-20-33 00 INFO  [http-nio-8080-exec-6] c.c.serviceImpl.AuthServiceImpl - Message: email send success
2025-20-33 00 INFO  [http-nio-8080-exec-6] c.c.serviceImpl.AuthServiceImpl - AuthServiceImpl : register() : Exceution End
2025-20-33 00 INFO  [http-nio-8080-exec-6] c.chintan.controller.AuthController - AuthController : registerUser() : Exceution End
2025-20-44 00 INFO  [http-nio-8080-exec-8] c.chintan.controller.AuthController - AuthController : registerUser() : Exceution Start
2025-20-44 00 INFO  [http-nio-8080-exec-8] c.c.serviceImpl.AuthServiceImpl - AuthServiceImpl : register() : Exceution Start
2025-20-44 00 INFO  [http-nio-8080-exec-8] c.c.serviceImpl.AuthServiceImpl - Message: email send success
2025-20-44 00 INFO  [http-nio-8080-exec-8] c.c.serviceImpl.AuthServiceImpl - AuthServiceImpl : register() : Exceution End
2025-20-44 00 INFO  [http-nio-8080-exec-8] c.chintan.controller.AuthController - AuthController : registerUser() : Exceution End
2025-20-46 00 INFO  [http-nio-8080-exec-9] c.chintan.controller.AuthController - AuthController : registerUser() : Exceution Start
2025-20-46 00 INFO  [http-nio-8080-exec-9] c.c.serviceImpl.AuthServiceImpl - AuthServiceImpl : register() : Exceution Start
2025-20-46 00 INFO  [http-nio-8080-exec-9] c.c.serviceImpl.AuthServiceImpl - Message: email send success
2025-20-46 00 INFO  [http-nio-8080-exec-9] c.c.serviceImpl.AuthServiceImpl - AuthServiceImpl : register() : Exceution End
2025-20-46 00 INFO  [http-nio-8080-exec-9] c.chintan.controller.AuthController - AuthController : registerUser() : Exceution End
2025-20-48 00 INFO  [http-nio-8080-exec-2] c.chintan.controller.AuthController - AuthController : registerUser() : Exceution Start
2025-20-48 00 INFO  [http-nio-8080-exec-2] c.c.serviceImpl.AuthServiceImpl - AuthServiceImpl : register() : Exceution Start
2025-20-48 00 INFO  [http-nio-8080-exec-2] c.c.serviceImpl.AuthServiceImpl - Message: email send success
2025-20-48 00 INFO  [http-nio-8080-exec-2] c.c.serviceImpl.AuthServiceImpl - AuthServiceImpl : register() : Exceution End
2025-20-48 00 INFO  [http-nio-8080-exec-2] c.chintan.controller.AuthController - AuthController : registerUser() : Exceution End
2025-20-58 00 INFO  [http-nio-8080-exec-4] c.c.exception.GlobalExceptionHandler - GlobalExceptionHandler : handleBadCredentialsException() : Bad credentials
2025-20-58 00 WARN  [http-nio-8080-exec-4] o.s.w.s.m.m.a.ExceptionHandlerExceptionResolver - Resolved [org.springframework.security.authentication.BadCredentialsException: Bad credentials]
