2025-19-34 20 INFO  [http-nio-8080-exec-6] c.chintan.controller.AuthController - AuthController : registerUser() : Exceution Start
2025-19-34 20 INFO  [http-nio-8080-exec-6] c.c.serviceImpl.AuthServiceImpl - AuthServiceImpl : register() : Exceution Start
2025-19-35 20 INFO  [http-nio-8080-exec-6] c.c.serviceImpl.AuthServiceImpl - Message: email send success
2025-19-35 20 INFO  [http-nio-8080-exec-6] c.c.serviceImpl.AuthServiceImpl - AuthServiceImpl : register() : Exceution End
2025-19-35 20 INFO  [http-nio-8080-exec-6] c.chintan.controller.AuthController - AuthController : registerUser() : Exceution End
2025-19-36 20 INFO  [http-nio-8080-exec-8] c.chintan.controller.AuthController - AuthController : registerUser() : Exceution Start
2025-19-36 20 INFO  [http-nio-8080-exec-8] c.c.serviceImpl.AuthServiceImpl - AuthServiceImpl : register() : Exceution Start
2025-19-36 20 INFO  [http-nio-8080-exec-8] c.c.exception.GlobalExceptionHandler - GlobalExceptionHandler : handleExistDataException() : Email already exists !
2025-19-36 20 WARN  [http-nio-8080-exec-8] o.s.w.s.m.m.a.ExceptionHandlerExceptionResolver - Resolved [com.chintan.exception.ExistDataException: Email already exists !]
2025-19-38 20 INFO  [http-nio-8080-exec-7] c.chintan.controller.AuthController - AuthController : registerUser() : Exceution Start
2025-19-38 20 INFO  [http-nio-8080-exec-7] c.c.serviceImpl.AuthServiceImpl - AuthServiceImpl : register() : Exceution Start
2025-19-38 20 INFO  [http-nio-8080-exec-10] c.chintan.controller.AuthController - AuthController : registerUser() : Exceution Start
2025-19-38 20 INFO  [http-nio-8080-exec-10] c.c.serviceImpl.AuthServiceImpl - AuthServiceImpl : register() : Exceution Start
2025-19-38 20 INFO  [http-nio-8080-exec-10] c.c.exception.GlobalExceptionHandler - GlobalExceptionHandler : handleExistDataException() : Email already exists !
2025-19-38 20 WARN  [http-nio-8080-exec-10] o.s.w.s.m.m.a.ExceptionHandlerExceptionResolver - Resolved [com.chintan.exception.ExistDataException: Email already exists !]
2025-19-38 20 INFO  [http-nio-8080-exec-7] c.c.serviceImpl.AuthServiceImpl - Message: email send success
2025-19-38 20 INFO  [http-nio-8080-exec-7] c.c.serviceImpl.AuthServiceImpl - AuthServiceImpl : register() : Exceution End
2025-19-38 20 INFO  [http-nio-8080-exec-7] c.chintan.controller.AuthController - AuthController : registerUser() : Exceution End
2025-19-40 20 INFO  [http-nio-8080-exec-5] c.chintan.controller.AuthController - AuthController : registerUser() : Exceution Start
2025-19-40 20 INFO  [http-nio-8080-exec-5] c.c.serviceImpl.AuthServiceImpl - AuthServiceImpl : register() : Exceution Start
2025-19-40 20 INFO  [http-nio-8080-exec-5] c.c.exception.GlobalExceptionHandler - GlobalExceptionHandler : handleExistDataException() : Email already exists !
2025-19-40 20 WARN  [http-nio-8080-exec-5] o.s.w.s.m.m.a.ExceptionHandlerExceptionResolver - Resolved [com.chintan.exception.ExistDataException: Email already exists !]
2025-19-40 20 INFO  [http-nio-8080-exec-2] c.chintan.controller.AuthController - AuthController : registerUser() : Exceution Start
2025-19-40 20 INFO  [http-nio-8080-exec-2] c.c.serviceImpl.AuthServiceImpl - AuthServiceImpl : register() : Exceution Start
2025-19-41 20 INFO  [http-nio-8080-exec-2] c.c.serviceImpl.AuthServiceImpl - Message: email send success
2025-19-41 20 INFO  [http-nio-8080-exec-2] c.c.serviceImpl.AuthServiceImpl - AuthServiceImpl : register() : Exceution End
2025-19-41 20 INFO  [http-nio-8080-exec-2] c.chintan.controller.AuthController - AuthController : registerUser() : Exceution End
2025-19-42 20 INFO  [http-nio-8080-exec-2] o.s.api.AbstractOpenApiResource - Init duration for springdoc-openapi is: 587 ms
2025-19-43 20 INFO  [http-nio-8080-exec-6] c.chintan.controller.AuthController - AuthController : registerUser() : Exceution Start
2025-19-43 20 INFO  [http-nio-8080-exec-6] c.c.serviceImpl.AuthServiceImpl - AuthServiceImpl : register() : Exceution Start
2025-19-43 20 INFO  [http-nio-8080-exec-6] c.c.serviceImpl.AuthServiceImpl - Message: email send success
2025-19-43 20 INFO  [http-nio-8080-exec-6] c.c.serviceImpl.AuthServiceImpl - AuthServiceImpl : register() : Exceution End
2025-19-43 20 INFO  [http-nio-8080-exec-6] c.chintan.controller.AuthController - AuthController : registerUser() : Exceution End
2025-19-52 20 INFO  [http-nio-8080-exec-7] c.chintan.controller.AuthController - AuthController : registerUser() : Exceution Start
2025-19-52 20 INFO  [http-nio-8080-exec-7] c.c.serviceImpl.AuthServiceImpl - AuthServiceImpl : register() : Exceution Start
2025-19-52 20 INFO  [http-nio-8080-exec-4] c.chintan.controller.AuthController - AuthController : registerUser() : Exceution Start
2025-19-52 20 INFO  [http-nio-8080-exec-4] c.c.serviceImpl.AuthServiceImpl - AuthServiceImpl : register() : Exceution Start
2025-19-52 20 INFO  [http-nio-8080-exec-4] c.c.exception.GlobalExceptionHandler - GlobalExceptionHandler : handleExistDataException() : Email already exists !
2025-19-52 20 WARN  [http-nio-8080-exec-4] o.s.w.s.m.m.a.ExceptionHandlerExceptionResolver - Resolved [com.chintan.exception.ExistDataException: Email already exists !]
2025-19-52 20 INFO  [http-nio-8080-exec-7] c.c.serviceImpl.AuthServiceImpl - Message: email send success
2025-19-52 20 INFO  [http-nio-8080-exec-7] c.c.serviceImpl.AuthServiceImpl - AuthServiceImpl : register() : Exceution End
2025-19-52 20 INFO  [http-nio-8080-exec-7] c.chintan.controller.AuthController - AuthController : registerUser() : Exceution End
